<?xml version="1.0" encoding="UTF-8"?>
<!-- Generated by org.testng.reporters.JUnitReportReporter -->
<testsuite hostname="Bhavishyas-Laptop.local" failures="0" tests="2" name="com.qa.api.tests.GET_API_Call" time="1.432" errors="0" timestamp="2025-06-06T17:12:33 PDT" skipped="0">
  <testcase classname="com.qa.api.tests.GET_API_Call" name="getUsersApiTest" time="0.473"/>
  <testcase classname="com.qa.api.tests.GET_API_Call" name="getSpecificUserApiTest" time="0.959"/>
</testsuite> <!-- com.qa.api.tests.GET_API_Call -->
